  [1m[36m (1.7ms)[0m  [1mCREATE TABLE "schema_migrations" ("version" varchar NOT NULL) [0m
  [1m[35m (0.1ms)[0m  select sqlite_version(*)
  [1m[36m (1.6ms)[0m  [1mCREATE UNIQUE INDEX "unique_schema_migrations" ON "schema_migrations" ("version")[0m
  [1m[35mActiveRecord::SchemaMigration Load (0.1ms)[0m  SELECT "schema_migrations".* FROM "schema_migrations"


Started GET "/" for ::1 at 2015-11-17 17:47:54 -0600
Processing by Rails::WelcomeController#index as HTML
  Rendered /Users/admin/.rvm/gems/ruby-2.1.2/gems/railties-4.2.3/lib/rails/templates/rails/welcome/index.html.erb (2.8ms)
Completed 200 OK in 27ms (Views: 19.4ms | ActiveRecord: 0.0ms)
  [1m[36mActiveRecord::SchemaMigration Load (0.1ms)[0m  [1mSELECT "schema_migrations".* FROM "schema_migrations"[0m
Migrating to CreateStudents (1)
  [1m[35m (0.1ms)[0m  begin transaction
  [1m[36m (0.4ms)[0m  [1mCREATE TABLE "students" ("id" INTEGER PRIMARY KEY AUTOINCREMENT NOT NULL, "first_name" varchar, "last_name" varchar, "created_at" datetime NOT NULL, "updated_at" datetime NOT NULL) [0m
  [1m[35mSQL (0.3ms)[0m  INSERT INTO "schema_migrations" ("version") VALUES (?)  [["version", "1"]]
  [1m[36m (1.4ms)[0m  [1mcommit transaction[0m
  [1m[35mActiveRecord::SchemaMigration Load (0.1ms)[0m  SELECT "schema_migrations".* FROM "schema_migrations"
  [1m[36m (0.1ms)[0m  [1mbegin transaction[0m
  [1m[35mSQL (0.3ms)[0m  INSERT INTO "students" ("first_name", "last_name", "created_at", "updated_at") VALUES (?, ?, ?, ?)  [["first_name", "Jordan"], ["last_name", "Hudgens"], ["created_at", "2015-11-18 00:10:55.545365"], ["updated_at", "2015-11-18 00:10:55.545365"]]
  [1m[36m (2.9ms)[0m  [1mcommit transaction[0m
  [1m[35mStudent Load (0.2ms)[0m  SELECT  "students".* FROM "students"  ORDER BY "students"."id" DESC LIMIT 1
  [1m[36m (0.1ms)[0m  [1mbegin transaction[0m
  [1m[35mSQL (0.3ms)[0m  INSERT INTO "students" ("created_at", "updated_at") VALUES (?, ?)  [["created_at", "2015-11-18 00:17:49.095449"], ["updated_at", "2015-11-18 00:17:49.095449"]]
  [1m[36m (1.2ms)[0m  [1mcommit transaction[0m
  [1m[35mStudent Load (0.2ms)[0m  SELECT  "students".* FROM "students"  ORDER BY "students"."id" DESC LIMIT 1
  [1m[36mActiveRecord::SchemaMigration Load (0.1ms)[0m  [1mSELECT "schema_migrations".* FROM "schema_migrations"[0m
  [1m[35mActiveRecord::SchemaMigration Load (0.1ms)[0m  SELECT "schema_migrations".* FROM "schema_migrations"


Started GET "/" for ::1 at 2015-11-18 13:36:42 -0600
  [1m[36mActiveRecord::SchemaMigration Load (0.1ms)[0m  [1mSELECT "schema_migrations".* FROM "schema_migrations"[0m
Processing by Rails::WelcomeController#index as HTML
  Rendered /Users/admin/.rvm/gems/ruby-2.1.2/gems/railties-4.2.3/lib/rails/templates/rails/welcome/index.html.erb (2.4ms)
Completed 200 OK in 39ms (Views: 24.5ms | ActiveRecord: 0.0ms)


Started GET "/" for ::1 at 2015-11-18 13:37:10 -0600
Processing by Rails::WelcomeController#index as HTML
  Rendered /Users/admin/.rvm/gems/ruby-2.1.2/gems/railties-4.2.3/lib/rails/templates/rails/welcome/index.html.erb (0.0ms)
Completed 200 OK in 1ms (Views: 0.7ms | ActiveRecord: 0.0ms)
  [1m[36mActiveRecord::SchemaMigration Load (0.5ms)[0m  [1mSELECT "schema_migrations".* FROM "schema_migrations"[0m
  [1m[35mActiveRecord::SchemaMigration Load (0.1ms)[0m  SELECT "schema_migrations".* FROM "schema_migrations"
  [1m[36mStudent Load (0.4ms)[0m  [1mSELECT  "students".* FROM "students"  ORDER BY "students"."id" DESC LIMIT 1[0m
  [1m[35mStudent Load (0.2ms)[0m  SELECT  "students".* FROM "students"  ORDER BY "students"."id" DESC LIMIT 1
  [1m[36m (0.1ms)[0m  [1mbegin transaction[0m
  [1m[35mSQL (0.6ms)[0m  DELETE FROM "students" WHERE "students"."id" = ?  [["id", 2]]
  [1m[36m (1.6ms)[0m  [1mcommit transaction[0m
  [1m[35mStudent Load (0.2ms)[0m  SELECT "students".* FROM "students"
DEPRECATION WARNING: Static attributes will be removed in FactoryBot 5.0. Please use dynamic
attributes instead by wrapping the attribute value in a block:

title { "Computer Science" }

To automatically update from static attributes to dynamic ones,
install rubocop-rspec and run:

rubocop \
  --require rubocop-rspec \
  --only FactoryBot/AttributeDefinedStatically \
  --auto-correct

. (called from block (2 levels) in <top (required)> at /Users/sriki/Documents/FlatIron/Development/module2/rails_labs/rails-form_for-lab-dc-web-082718/spec/factories/school_classes.rb:3)
DEPRECATION WARNING: Static attributes will be removed in FactoryBot 5.0. Please use dynamic
attributes instead by wrapping the attribute value in a block:

room_number { 5 }

To automatically update from static attributes to dynamic ones,
install rubocop-rspec and run:

rubocop \
  --require rubocop-rspec \
  --only FactoryBot/AttributeDefinedStatically \
  --auto-correct

. (called from block (2 levels) in <top (required)> at /Users/sriki/Documents/FlatIron/Development/module2/rails_labs/rails-form_for-lab-dc-web-082718/spec/factories/school_classes.rb:4)
DEPRECATION WARNING: Static attributes will be removed in FactoryBot 5.0. Please use dynamic
attributes instead by wrapping the attribute value in a block:

first_name { "Daenerys" }

To automatically update from static attributes to dynamic ones,
install rubocop-rspec and run:

rubocop \
  --require rubocop-rspec \
  --only FactoryBot/AttributeDefinedStatically \
  --auto-correct

. (called from block (2 levels) in <top (required)> at /Users/sriki/Documents/FlatIron/Development/module2/rails_labs/rails-form_for-lab-dc-web-082718/spec/factories/students.rb:3)
DEPRECATION WARNING: Static attributes will be removed in FactoryBot 5.0. Please use dynamic
attributes instead by wrapping the attribute value in a block:

last_name { "Targaryen" }

To automatically update from static attributes to dynamic ones,
install rubocop-rspec and run:

rubocop \
  --require rubocop-rspec \
  --only FactoryBot/AttributeDefinedStatically \
  --auto-correct

. (called from block (2 levels) in <top (required)> at /Users/sriki/Documents/FlatIron/Development/module2/rails_labs/rails-form_for-lab-dc-web-082718/spec/factories/students.rb:4)
DEPRECATION WARNING: Static attributes will be removed in FactoryBot 5.0. Please use dynamic
attributes instead by wrapping the attribute value in a block:

title { "Computer Science" }

To automatically update from static attributes to dynamic ones,
install rubocop-rspec and run:

rubocop \
  --require rubocop-rspec \
  --only FactoryBot/AttributeDefinedStatically \
  --auto-correct

. (called from block (2 levels) in <top (required)> at /Users/sriki/Documents/FlatIron/Development/module2/rails_labs/rails-form_for-lab-dc-web-082718/spec/factories/school_classes.rb:3)
DEPRECATION WARNING: Static attributes will be removed in FactoryBot 5.0. Please use dynamic
attributes instead by wrapping the attribute value in a block:

room_number { 5 }

To automatically update from static attributes to dynamic ones,
install rubocop-rspec and run:

rubocop \
  --require rubocop-rspec \
  --only FactoryBot/AttributeDefinedStatically \
  --auto-correct

. (called from block (2 levels) in <top (required)> at /Users/sriki/Documents/FlatIron/Development/module2/rails_labs/rails-form_for-lab-dc-web-082718/spec/factories/school_classes.rb:4)
DEPRECATION WARNING: Static attributes will be removed in FactoryBot 5.0. Please use dynamic
attributes instead by wrapping the attribute value in a block:

first_name { "Daenerys" }

To automatically update from static attributes to dynamic ones,
install rubocop-rspec and run:

rubocop \
  --require rubocop-rspec \
  --only FactoryBot/AttributeDefinedStatically \
  --auto-correct

. (called from block (2 levels) in <top (required)> at /Users/sriki/Documents/FlatIron/Development/module2/rails_labs/rails-form_for-lab-dc-web-082718/spec/factories/students.rb:3)
DEPRECATION WARNING: Static attributes will be removed in FactoryBot 5.0. Please use dynamic
attributes instead by wrapping the attribute value in a block:

last_name { "Targaryen" }

To automatically update from static attributes to dynamic ones,
install rubocop-rspec and run:

rubocop \
  --require rubocop-rspec \
  --only FactoryBot/AttributeDefinedStatically \
  --auto-correct

. (called from block (2 levels) in <top (required)> at /Users/sriki/Documents/FlatIron/Development/module2/rails_labs/rails-form_for-lab-dc-web-082718/spec/factories/students.rb:4)
DEPRECATION WARNING: Static attributes will be removed in FactoryBot 5.0. Please use dynamic
attributes instead by wrapping the attribute value in a block:

title { "Computer Science" }

To automatically update from static attributes to dynamic ones,
install rubocop-rspec and run:

rubocop \
  --require rubocop-rspec \
  --only FactoryBot/AttributeDefinedStatically \
  --auto-correct

. (called from block (2 levels) in <top (required)> at /Users/sriki/Documents/FlatIron/Development/module2/rails_labs/rails-form_for-lab-dc-web-082718/spec/factories/school_classes.rb:3)
DEPRECATION WARNING: Static attributes will be removed in FactoryBot 5.0. Please use dynamic
attributes instead by wrapping the attribute value in a block:

room_number { 5 }

To automatically update from static attributes to dynamic ones,
install rubocop-rspec and run:

rubocop \
  --require rubocop-rspec \
  --only FactoryBot/AttributeDefinedStatically \
  --auto-correct

. (called from block (2 levels) in <top (required)> at /Users/sriki/Documents/FlatIron/Development/module2/rails_labs/rails-form_for-lab-dc-web-082718/spec/factories/school_classes.rb:4)
DEPRECATION WARNING: Static attributes will be removed in FactoryBot 5.0. Please use dynamic
attributes instead by wrapping the attribute value in a block:

first_name { "Daenerys" }

To automatically update from static attributes to dynamic ones,
install rubocop-rspec and run:

rubocop \
  --require rubocop-rspec \
  --only FactoryBot/AttributeDefinedStatically \
  --auto-correct

. (called from block (2 levels) in <top (required)> at /Users/sriki/Documents/FlatIron/Development/module2/rails_labs/rails-form_for-lab-dc-web-082718/spec/factories/students.rb:3)
DEPRECATION WARNING: Static attributes will be removed in FactoryBot 5.0. Please use dynamic
attributes instead by wrapping the attribute value in a block:

last_name { "Targaryen" }

To automatically update from static attributes to dynamic ones,
install rubocop-rspec and run:

rubocop \
  --require rubocop-rspec \
  --only FactoryBot/AttributeDefinedStatically \
  --auto-correct

. (called from block (2 levels) in <top (required)> at /Users/sriki/Documents/FlatIron/Development/module2/rails_labs/rails-form_for-lab-dc-web-082718/spec/factories/students.rb:4)
DEPRECATION WARNING: Static attributes will be removed in FactoryBot 5.0. Please use dynamic
attributes instead by wrapping the attribute value in a block:

title { "Computer Science" }

To automatically update from static attributes to dynamic ones,
install rubocop-rspec and run:

rubocop \
  --require rubocop-rspec \
  --only FactoryBot/AttributeDefinedStatically \
  --auto-correct

. (called from block (2 levels) in <top (required)> at /Users/sriki/Documents/FlatIron/Development/module2/rails_labs/rails-form_for-lab-dc-web-082718/spec/factories/school_classes.rb:3)
DEPRECATION WARNING: Static attributes will be removed in FactoryBot 5.0. Please use dynamic
attributes instead by wrapping the attribute value in a block:

room_number { 5 }

To automatically update from static attributes to dynamic ones,
install rubocop-rspec and run:

rubocop \
  --require rubocop-rspec \
  --only FactoryBot/AttributeDefinedStatically \
  --auto-correct

. (called from block (2 levels) in <top (required)> at /Users/sriki/Documents/FlatIron/Development/module2/rails_labs/rails-form_for-lab-dc-web-082718/spec/factories/school_classes.rb:4)
DEPRECATION WARNING: Static attributes will be removed in FactoryBot 5.0. Please use dynamic
attributes instead by wrapping the attribute value in a block:

first_name { "Daenerys" }

To automatically update from static attributes to dynamic ones,
install rubocop-rspec and run:

rubocop \
  --require rubocop-rspec \
  --only FactoryBot/AttributeDefinedStatically \
  --auto-correct

. (called from block (2 levels) in <top (required)> at /Users/sriki/Documents/FlatIron/Development/module2/rails_labs/rails-form_for-lab-dc-web-082718/spec/factories/students.rb:3)
DEPRECATION WARNING: Static attributes will be removed in FactoryBot 5.0. Please use dynamic
attributes instead by wrapping the attribute value in a block:

last_name { "Targaryen" }

To automatically update from static attributes to dynamic ones,
install rubocop-rspec and run:

rubocop \
  --require rubocop-rspec \
  --only FactoryBot/AttributeDefinedStatically \
  --auto-correct

. (called from block (2 levels) in <top (required)> at /Users/sriki/Documents/FlatIron/Development/module2/rails_labs/rails-form_for-lab-dc-web-082718/spec/factories/students.rb:4)
DEPRECATION WARNING: Static attributes will be removed in FactoryBot 5.0. Please use dynamic
attributes instead by wrapping the attribute value in a block:

title { "Computer Science" }

To automatically update from static attributes to dynamic ones,
install rubocop-rspec and run:

rubocop \
  --require rubocop-rspec \
  --only FactoryBot/AttributeDefinedStatically \
  --auto-correct

. (called from block (2 levels) in <top (required)> at /Users/sriki/Documents/FlatIron/Development/module2/rails_labs/rails-form_for-lab-dc-web-082718/spec/factories/school_classes.rb:3)
DEPRECATION WARNING: Static attributes will be removed in FactoryBot 5.0. Please use dynamic
attributes instead by wrapping the attribute value in a block:

room_number { 5 }

To automatically update from static attributes to dynamic ones,
install rubocop-rspec and run:

rubocop \
  --require rubocop-rspec \
  --only FactoryBot/AttributeDefinedStatically \
  --auto-correct

. (called from block (2 levels) in <top (required)> at /Users/sriki/Documents/FlatIron/Development/module2/rails_labs/rails-form_for-lab-dc-web-082718/spec/factories/school_classes.rb:4)
DEPRECATION WARNING: Static attributes will be removed in FactoryBot 5.0. Please use dynamic
attributes instead by wrapping the attribute value in a block:

first_name { "Daenerys" }

To automatically update from static attributes to dynamic ones,
install rubocop-rspec and run:

rubocop \
  --require rubocop-rspec \
  --only FactoryBot/AttributeDefinedStatically \
  --auto-correct

. (called from block (2 levels) in <top (required)> at /Users/sriki/Documents/FlatIron/Development/module2/rails_labs/rails-form_for-lab-dc-web-082718/spec/factories/students.rb:3)
DEPRECATION WARNING: Static attributes will be removed in FactoryBot 5.0. Please use dynamic
attributes instead by wrapping the attribute value in a block:

last_name { "Targaryen" }

To automatically update from static attributes to dynamic ones,
install rubocop-rspec and run:

rubocop \
  --require rubocop-rspec \
  --only FactoryBot/AttributeDefinedStatically \
  --auto-correct

. (called from block (2 levels) in <top (required)> at /Users/sriki/Documents/FlatIron/Development/module2/rails_labs/rails-form_for-lab-dc-web-082718/spec/factories/students.rb:4)
  [1m[36mActiveRecord::SchemaMigration Load (0.1ms)[0m  [1mSELECT "schema_migrations".* FROM "schema_migrations"[0m
Migrating to CreateSchoolClasses (20180925160119)
  [1m[35m (0.1ms)[0m  begin transaction
  [1m[36m (0.5ms)[0m  [1mCREATE TABLE "school_classes" ("id" INTEGER PRIMARY KEY AUTOINCREMENT NOT NULL, "title" varchar, "room_number" integer, "created_at" datetime NOT NULL, "updated_at" datetime NOT NULL) [0m
  [1m[35mSQL (0.2ms)[0m  INSERT INTO "schema_migrations" ("version") VALUES (?)  [["version", "20180925160119"]]
  [1m[36m (1.5ms)[0m  [1mcommit transaction[0m
  [1m[35mActiveRecord::SchemaMigration Load (0.1ms)[0m  SELECT "schema_migrations".* FROM "schema_migrations"
DEPRECATION WARNING: Static attributes will be removed in FactoryBot 5.0. Please use dynamic
attributes instead by wrapping the attribute value in a block:

title { "Computer Science" }

To automatically update from static attributes to dynamic ones,
install rubocop-rspec and run:

rubocop \
  --require rubocop-rspec \
  --only FactoryBot/AttributeDefinedStatically \
  --auto-correct

. (called from block (2 levels) in <top (required)> at /Users/sriki/Documents/FlatIron/Development/module2/rails_labs/rails-form_for-lab-dc-web-082718/spec/factories/school_classes.rb:3)
DEPRECATION WARNING: Static attributes will be removed in FactoryBot 5.0. Please use dynamic
attributes instead by wrapping the attribute value in a block:

room_number { 5 }

To automatically update from static attributes to dynamic ones,
install rubocop-rspec and run:

rubocop \
  --require rubocop-rspec \
  --only FactoryBot/AttributeDefinedStatically \
  --auto-correct

. (called from block (2 levels) in <top (required)> at /Users/sriki/Documents/FlatIron/Development/module2/rails_labs/rails-form_for-lab-dc-web-082718/spec/factories/school_classes.rb:4)
DEPRECATION WARNING: Static attributes will be removed in FactoryBot 5.0. Please use dynamic
attributes instead by wrapping the attribute value in a block:

first_name { "Daenerys" }

To automatically update from static attributes to dynamic ones,
install rubocop-rspec and run:

rubocop \
  --require rubocop-rspec \
  --only FactoryBot/AttributeDefinedStatically \
  --auto-correct

. (called from block (2 levels) in <top (required)> at /Users/sriki/Documents/FlatIron/Development/module2/rails_labs/rails-form_for-lab-dc-web-082718/spec/factories/students.rb:3)
DEPRECATION WARNING: Static attributes will be removed in FactoryBot 5.0. Please use dynamic
attributes instead by wrapping the attribute value in a block:

last_name { "Targaryen" }

To automatically update from static attributes to dynamic ones,
install rubocop-rspec and run:

rubocop \
  --require rubocop-rspec \
  --only FactoryBot/AttributeDefinedStatically \
  --auto-correct

. (called from block (2 levels) in <top (required)> at /Users/sriki/Documents/FlatIron/Development/module2/rails_labs/rails-form_for-lab-dc-web-082718/spec/factories/students.rb:4)
DEPRECATION WARNING: Static attributes will be removed in FactoryBot 5.0. Please use dynamic
attributes instead by wrapping the attribute value in a block:

title { "Computer Science" }

To automatically update from static attributes to dynamic ones,
install rubocop-rspec and run:

rubocop \
  --require rubocop-rspec \
  --only FactoryBot/AttributeDefinedStatically \
  --auto-correct

. (called from block (2 levels) in <top (required)> at /Users/sriki/Documents/FlatIron/Development/module2/rails_labs/rails-form_for-lab-dc-web-082718/spec/factories/school_classes.rb:3)
DEPRECATION WARNING: Static attributes will be removed in FactoryBot 5.0. Please use dynamic
attributes instead by wrapping the attribute value in a block:

room_number { 5 }

To automatically update from static attributes to dynamic ones,
install rubocop-rspec and run:

rubocop \
  --require rubocop-rspec \
  --only FactoryBot/AttributeDefinedStatically \
  --auto-correct

. (called from block (2 levels) in <top (required)> at /Users/sriki/Documents/FlatIron/Development/module2/rails_labs/rails-form_for-lab-dc-web-082718/spec/factories/school_classes.rb:4)
DEPRECATION WARNING: Static attributes will be removed in FactoryBot 5.0. Please use dynamic
attributes instead by wrapping the attribute value in a block:

first_name { "Daenerys" }

To automatically update from static attributes to dynamic ones,
install rubocop-rspec and run:

rubocop \
  --require rubocop-rspec \
  --only FactoryBot/AttributeDefinedStatically \
  --auto-correct

. (called from block (2 levels) in <top (required)> at /Users/sriki/Documents/FlatIron/Development/module2/rails_labs/rails-form_for-lab-dc-web-082718/spec/factories/students.rb:3)
DEPRECATION WARNING: Static attributes will be removed in FactoryBot 5.0. Please use dynamic
attributes instead by wrapping the attribute value in a block:

last_name { "Targaryen" }

To automatically update from static attributes to dynamic ones,
install rubocop-rspec and run:

rubocop \
  --require rubocop-rspec \
  --only FactoryBot/AttributeDefinedStatically \
  --auto-correct

. (called from block (2 levels) in <top (required)> at /Users/sriki/Documents/FlatIron/Development/module2/rails_labs/rails-form_for-lab-dc-web-082718/spec/factories/students.rb:4)
DEPRECATION WARNING: Static attributes will be removed in FactoryBot 5.0. Please use dynamic
attributes instead by wrapping the attribute value in a block:

title { "Computer Science" }

To automatically update from static attributes to dynamic ones,
install rubocop-rspec and run:

rubocop \
  --require rubocop-rspec \
  --only FactoryBot/AttributeDefinedStatically \
  --auto-correct

. (called from block (2 levels) in <top (required)> at /Users/sriki/Documents/FlatIron/Development/module2/rails_labs/rails-form_for-lab-dc-web-082718/spec/factories/school_classes.rb:3)
DEPRECATION WARNING: Static attributes will be removed in FactoryBot 5.0. Please use dynamic
attributes instead by wrapping the attribute value in a block:

room_number { 5 }

To automatically update from static attributes to dynamic ones,
install rubocop-rspec and run:

rubocop \
  --require rubocop-rspec \
  --only FactoryBot/AttributeDefinedStatically \
  --auto-correct

. (called from block (2 levels) in <top (required)> at /Users/sriki/Documents/FlatIron/Development/module2/rails_labs/rails-form_for-lab-dc-web-082718/spec/factories/school_classes.rb:4)
DEPRECATION WARNING: Static attributes will be removed in FactoryBot 5.0. Please use dynamic
attributes instead by wrapping the attribute value in a block:

first_name { "Daenerys" }

To automatically update from static attributes to dynamic ones,
install rubocop-rspec and run:

rubocop \
  --require rubocop-rspec \
  --only FactoryBot/AttributeDefinedStatically \
  --auto-correct

. (called from block (2 levels) in <top (required)> at /Users/sriki/Documents/FlatIron/Development/module2/rails_labs/rails-form_for-lab-dc-web-082718/spec/factories/students.rb:3)
DEPRECATION WARNING: Static attributes will be removed in FactoryBot 5.0. Please use dynamic
attributes instead by wrapping the attribute value in a block:

last_name { "Targaryen" }

To automatically update from static attributes to dynamic ones,
install rubocop-rspec and run:

rubocop \
  --require rubocop-rspec \
  --only FactoryBot/AttributeDefinedStatically \
  --auto-correct

. (called from block (2 levels) in <top (required)> at /Users/sriki/Documents/FlatIron/Development/module2/rails_labs/rails-form_for-lab-dc-web-082718/spec/factories/students.rb:4)
DEPRECATION WARNING: Static attributes will be removed in FactoryBot 5.0. Please use dynamic
attributes instead by wrapping the attribute value in a block:

title { "Computer Science" }

To automatically update from static attributes to dynamic ones,
install rubocop-rspec and run:

rubocop \
  --require rubocop-rspec \
  --only FactoryBot/AttributeDefinedStatically \
  --auto-correct

. (called from block (2 levels) in <top (required)> at /Users/sriki/Documents/FlatIron/Development/module2/rails_labs/rails-form_for-lab-dc-web-082718/spec/factories/school_classes.rb:3)
DEPRECATION WARNING: Static attributes will be removed in FactoryBot 5.0. Please use dynamic
attributes instead by wrapping the attribute value in a block:

room_number { 5 }

To automatically update from static attributes to dynamic ones,
install rubocop-rspec and run:

rubocop \
  --require rubocop-rspec \
  --only FactoryBot/AttributeDefinedStatically \
  --auto-correct

. (called from block (2 levels) in <top (required)> at /Users/sriki/Documents/FlatIron/Development/module2/rails_labs/rails-form_for-lab-dc-web-082718/spec/factories/school_classes.rb:4)
DEPRECATION WARNING: Static attributes will be removed in FactoryBot 5.0. Please use dynamic
attributes instead by wrapping the attribute value in a block:

first_name { "Daenerys" }

To automatically update from static attributes to dynamic ones,
install rubocop-rspec and run:

rubocop \
  --require rubocop-rspec \
  --only FactoryBot/AttributeDefinedStatically \
  --auto-correct

. (called from block (2 levels) in <top (required)> at /Users/sriki/Documents/FlatIron/Development/module2/rails_labs/rails-form_for-lab-dc-web-082718/spec/factories/students.rb:3)
DEPRECATION WARNING: Static attributes will be removed in FactoryBot 5.0. Please use dynamic
attributes instead by wrapping the attribute value in a block:

last_name { "Targaryen" }

To automatically update from static attributes to dynamic ones,
install rubocop-rspec and run:

rubocop \
  --require rubocop-rspec \
  --only FactoryBot/AttributeDefinedStatically \
  --auto-correct

. (called from block (2 levels) in <top (required)> at /Users/sriki/Documents/FlatIron/Development/module2/rails_labs/rails-form_for-lab-dc-web-082718/spec/factories/students.rb:4)
DEPRECATION WARNING: Static attributes will be removed in FactoryBot 5.0. Please use dynamic
attributes instead by wrapping the attribute value in a block:

title { "Computer Science" }

To automatically update from static attributes to dynamic ones,
install rubocop-rspec and run:

rubocop \
  --require rubocop-rspec \
  --only FactoryBot/AttributeDefinedStatically \
  --auto-correct

. (called from block (2 levels) in <top (required)> at /Users/sriki/Documents/FlatIron/Development/module2/rails_labs/rails-form_for-lab-dc-web-082718/spec/factories/school_classes.rb:3)
DEPRECATION WARNING: Static attributes will be removed in FactoryBot 5.0. Please use dynamic
attributes instead by wrapping the attribute value in a block:

room_number { 5 }

To automatically update from static attributes to dynamic ones,
install rubocop-rspec and run:

rubocop \
  --require rubocop-rspec \
  --only FactoryBot/AttributeDefinedStatically \
  --auto-correct

. (called from block (2 levels) in <top (required)> at /Users/sriki/Documents/FlatIron/Development/module2/rails_labs/rails-form_for-lab-dc-web-082718/spec/factories/school_classes.rb:4)
DEPRECATION WARNING: Static attributes will be removed in FactoryBot 5.0. Please use dynamic
attributes instead by wrapping the attribute value in a block:

first_name { "Daenerys" }

To automatically update from static attributes to dynamic ones,
install rubocop-rspec and run:

rubocop \
  --require rubocop-rspec \
  --only FactoryBot/AttributeDefinedStatically \
  --auto-correct

. (called from block (2 levels) in <top (required)> at /Users/sriki/Documents/FlatIron/Development/module2/rails_labs/rails-form_for-lab-dc-web-082718/spec/factories/students.rb:3)
DEPRECATION WARNING: Static attributes will be removed in FactoryBot 5.0. Please use dynamic
attributes instead by wrapping the attribute value in a block:

last_name { "Targaryen" }

To automatically update from static attributes to dynamic ones,
install rubocop-rspec and run:

rubocop \
  --require rubocop-rspec \
  --only FactoryBot/AttributeDefinedStatically \
  --auto-correct

. (called from block (2 levels) in <top (required)> at /Users/sriki/Documents/FlatIron/Development/module2/rails_labs/rails-form_for-lab-dc-web-082718/spec/factories/students.rb:4)
DEPRECATION WARNING: Static attributes will be removed in FactoryBot 5.0. Please use dynamic
attributes instead by wrapping the attribute value in a block:

title { "Computer Science" }

To automatically update from static attributes to dynamic ones,
install rubocop-rspec and run:

rubocop \
  --require rubocop-rspec \
  --only FactoryBot/AttributeDefinedStatically \
  --auto-correct

. (called from block (2 levels) in <top (required)> at /Users/sriki/Documents/FlatIron/Development/module2/rails_labs/rails-form_for-lab-dc-web-082718/spec/factories/school_classes.rb:3)
DEPRECATION WARNING: Static attributes will be removed in FactoryBot 5.0. Please use dynamic
attributes instead by wrapping the attribute value in a block:

room_number { 5 }

To automatically update from static attributes to dynamic ones,
install rubocop-rspec and run:

rubocop \
  --require rubocop-rspec \
  --only FactoryBot/AttributeDefinedStatically \
  --auto-correct

. (called from block (2 levels) in <top (required)> at /Users/sriki/Documents/FlatIron/Development/module2/rails_labs/rails-form_for-lab-dc-web-082718/spec/factories/school_classes.rb:4)
DEPRECATION WARNING: Static attributes will be removed in FactoryBot 5.0. Please use dynamic
attributes instead by wrapping the attribute value in a block:

first_name { "Daenerys" }

To automatically update from static attributes to dynamic ones,
install rubocop-rspec and run:

rubocop \
  --require rubocop-rspec \
  --only FactoryBot/AttributeDefinedStatically \
  --auto-correct

. (called from block (2 levels) in <top (required)> at /Users/sriki/Documents/FlatIron/Development/module2/rails_labs/rails-form_for-lab-dc-web-082718/spec/factories/students.rb:3)
DEPRECATION WARNING: Static attributes will be removed in FactoryBot 5.0. Please use dynamic
attributes instead by wrapping the attribute value in a block:

last_name { "Targaryen" }

To automatically update from static attributes to dynamic ones,
install rubocop-rspec and run:

rubocop \
  --require rubocop-rspec \
  --only FactoryBot/AttributeDefinedStatically \
  --auto-correct

. (called from block (2 levels) in <top (required)> at /Users/sriki/Documents/FlatIron/Development/module2/rails_labs/rails-form_for-lab-dc-web-082718/spec/factories/students.rb:4)
DEPRECATION WARNING: Static attributes will be removed in FactoryBot 5.0. Please use dynamic
attributes instead by wrapping the attribute value in a block:

title { "Computer Science" }

To automatically update from static attributes to dynamic ones,
install rubocop-rspec and run:

rubocop \
  --require rubocop-rspec \
  --only FactoryBot/AttributeDefinedStatically \
  --auto-correct

. (called from block (2 levels) in <top (required)> at /Users/sriki/Documents/FlatIron/Development/module2/rails_labs/rails-form_for-lab-dc-web-082718/spec/factories/school_classes.rb:3)
DEPRECATION WARNING: Static attributes will be removed in FactoryBot 5.0. Please use dynamic
attributes instead by wrapping the attribute value in a block:

room_number { 5 }

To automatically update from static attributes to dynamic ones,
install rubocop-rspec and run:

rubocop \
  --require rubocop-rspec \
  --only FactoryBot/AttributeDefinedStatically \
  --auto-correct

. (called from block (2 levels) in <top (required)> at /Users/sriki/Documents/FlatIron/Development/module2/rails_labs/rails-form_for-lab-dc-web-082718/spec/factories/school_classes.rb:4)
DEPRECATION WARNING: Static attributes will be removed in FactoryBot 5.0. Please use dynamic
attributes instead by wrapping the attribute value in a block:

first_name { "Daenerys" }

To automatically update from static attributes to dynamic ones,
install rubocop-rspec and run:

rubocop \
  --require rubocop-rspec \
  --only FactoryBot/AttributeDefinedStatically \
  --auto-correct

. (called from block (2 levels) in <top (required)> at /Users/sriki/Documents/FlatIron/Development/module2/rails_labs/rails-form_for-lab-dc-web-082718/spec/factories/students.rb:3)
DEPRECATION WARNING: Static attributes will be removed in FactoryBot 5.0. Please use dynamic
attributes instead by wrapping the attribute value in a block:

last_name { "Targaryen" }

To automatically update from static attributes to dynamic ones,
install rubocop-rspec and run:

rubocop \
  --require rubocop-rspec \
  --only FactoryBot/AttributeDefinedStatically \
  --auto-correct

. (called from block (2 levels) in <top (required)> at /Users/sriki/Documents/FlatIron/Development/module2/rails_labs/rails-form_for-lab-dc-web-082718/spec/factories/students.rb:4)


Started GET "/school_classes/new" for ::1 at 2018-09-25 12:39:09 -0400
  [1m[36mActiveRecord::SchemaMigration Load (0.5ms)[0m  [1mSELECT "schema_migrations".* FROM "schema_migrations"[0m
Processing by SchoolClassesController#new as HTML
  Rendered school_classes/new.html.erb within layouts/application (20.0ms)
Completed 200 OK in 436ms (Views: 423.5ms | ActiveRecord: 0.3ms)


Started GET "/assets/school_classes.self-877aef30ae1b040ab8a3aba4e3e309a11d7f2612f44dde450b5c157aa5f95c05.js?body=1" for ::1 at 2018-09-25 12:39:09 -0400


Started GET "/assets/students.self-e3b0c44298fc1c149afbf4c8996fb92427ae41e4649b934ca495991b7852b855.css?body=1" for ::1 at 2018-09-25 12:39:09 -0400


Started GET "/assets/students.self-877aef30ae1b040ab8a3aba4e3e309a11d7f2612f44dde450b5c157aa5f95c05.js?body=1" for ::1 at 2018-09-25 12:39:09 -0400


Started GET "/assets/school_classes.self-e3b0c44298fc1c149afbf4c8996fb92427ae41e4649b934ca495991b7852b855.css?body=1" for ::1 at 2018-09-25 12:39:09 -0400


Started POST "/school_classes" for ::1 at 2018-09-25 12:39:34 -0400
Processing by SchoolClassesController#create as HTML
  Parameters: {"utf8"=>"✓", "authenticity_token"=>"93vXTewnmcfb9JBc+xLIZVCRCjyBFOFUxq3i3WxhjFkNirMu5DXrkn2syKLtsmFk7vX8b7ZGQCMPRDDIl+mAzg==", "school_class"=>{"title"=>"CMSC 141", "room_number"=>"1142"}, "commit"=>"Submit School Class"}
  [1m[35m (0.1ms)[0m  begin transaction
  [1m[36mSQL (0.9ms)[0m  [1mINSERT INTO "school_classes" ("created_at", "updated_at") VALUES (?, ?)[0m  [["created_at", "2018-09-25 16:39:34.307805"], ["updated_at", "2018-09-25 16:39:34.307805"]]
  [1m[35m (1.5ms)[0m  commit transaction
Redirected to http://localhost:3000/school_classes/1
Completed 302 Found in 6ms (ActiveRecord: 2.5ms)


Started GET "/school_classes/1" for ::1 at 2018-09-25 12:39:34 -0400
Processing by SchoolClassesController#show as HTML
  Parameters: {"id"=>"1"}
  [1m[36mSchoolClass Load (0.2ms)[0m  [1mSELECT  "school_classes".* FROM "school_classes" WHERE "school_classes"."id" = ? LIMIT 1[0m  [["id", 1]]
  Rendered school_classes/show.html.erb within layouts/application (2.4ms)
Completed 200 OK in 60ms (Views: 51.1ms | ActiveRecord: 0.2ms)


Started GET "/school_classes" for ::1 at 2018-09-25 12:39:36 -0400
Processing by SchoolClassesController#index as HTML
  [1m[35mSchoolClass Load (0.3ms)[0m  SELECT "school_classes".* FROM "school_classes"
  Rendered school_classes/index.html.erb within layouts/application (4.0ms)
Completed 200 OK in 52ms (Views: 49.3ms | ActiveRecord: 0.3ms)


Started GET "/school_classes/1" for ::1 at 2018-09-25 12:41:48 -0400
Processing by SchoolClassesController#show as HTML
  Parameters: {"id"=>"1"}
  [1m[36mSchoolClass Load (0.1ms)[0m  [1mSELECT  "school_classes".* FROM "school_classes" WHERE "school_classes"."id" = ? LIMIT 1[0m  [["id", 1]]
  Rendered school_classes/show.html.erb within layouts/application (0.6ms)
Completed 200 OK in 73ms (Views: 71.7ms | ActiveRecord: 0.1ms)


Started GET "/school_classes" for ::1 at 2018-09-25 12:41:50 -0400
Processing by SchoolClassesController#index as HTML
  [1m[35mSchoolClass Load (0.2ms)[0m  SELECT "school_classes".* FROM "school_classes"
  Rendered school_classes/index.html.erb within layouts/application (2.3ms)
Completed 200 OK in 64ms (Views: 62.6ms | ActiveRecord: 0.2ms)
DEPRECATION WARNING: Static attributes will be removed in FactoryBot 5.0. Please use dynamic
attributes instead by wrapping the attribute value in a block:

title { "Computer Science" }

To automatically update from static attributes to dynamic ones,
install rubocop-rspec and run:

rubocop \
  --require rubocop-rspec \
  --only FactoryBot/AttributeDefinedStatically \
  --auto-correct

. (called from block (2 levels) in <top (required)> at /Users/sriki/Documents/FlatIron/Development/module2/rails_labs/rails-form_for-lab-dc-web-082718/spec/factories/school_classes.rb:3)
DEPRECATION WARNING: Static attributes will be removed in FactoryBot 5.0. Please use dynamic
attributes instead by wrapping the attribute value in a block:

room_number { 5 }

To automatically update from static attributes to dynamic ones,
install rubocop-rspec and run:

rubocop \
  --require rubocop-rspec \
  --only FactoryBot/AttributeDefinedStatically \
  --auto-correct

. (called from block (2 levels) in <top (required)> at /Users/sriki/Documents/FlatIron/Development/module2/rails_labs/rails-form_for-lab-dc-web-082718/spec/factories/school_classes.rb:4)
DEPRECATION WARNING: Static attributes will be removed in FactoryBot 5.0. Please use dynamic
attributes instead by wrapping the attribute value in a block:

first_name { "Daenerys" }

To automatically update from static attributes to dynamic ones,
install rubocop-rspec and run:

rubocop \
  --require rubocop-rspec \
  --only FactoryBot/AttributeDefinedStatically \
  --auto-correct

. (called from block (2 levels) in <top (required)> at /Users/sriki/Documents/FlatIron/Development/module2/rails_labs/rails-form_for-lab-dc-web-082718/spec/factories/students.rb:3)
DEPRECATION WARNING: Static attributes will be removed in FactoryBot 5.0. Please use dynamic
attributes instead by wrapping the attribute value in a block:

last_name { "Targaryen" }

To automatically update from static attributes to dynamic ones,
install rubocop-rspec and run:

rubocop \
  --require rubocop-rspec \
  --only FactoryBot/AttributeDefinedStatically \
  --auto-correct

. (called from block (2 levels) in <top (required)> at /Users/sriki/Documents/FlatIron/Development/module2/rails_labs/rails-form_for-lab-dc-web-082718/spec/factories/students.rb:4)


Started GET "/school_classes" for ::1 at 2018-09-25 12:42:16 -0400
  [1m[36mActiveRecord::SchemaMigration Load (0.6ms)[0m  [1mSELECT "schema_migrations".* FROM "schema_migrations"[0m
Processing by SchoolClassesController#index as HTML
  [1m[35mSchoolClass Load (0.2ms)[0m  SELECT "school_classes".* FROM "school_classes"
  Rendered school_classes/index.html.erb within layouts/application (5.8ms)
Completed 200 OK in 265ms (Views: 252.9ms | ActiveRecord: 0.4ms)


Started GET "/school_classes/new" for ::1 at 2018-09-25 12:42:19 -0400
Processing by SchoolClassesController#new as HTML
  Rendered school_classes/new.html.erb within layouts/application (28.2ms)
Completed 200 OK in 59ms (Views: 58.4ms | ActiveRecord: 0.0ms)


Started POST "/school_classes" for ::1 at 2018-09-25 12:42:24 -0400
Processing by SchoolClassesController#create as HTML
  Parameters: {"utf8"=>"✓", "authenticity_token"=>"KzA2BdJ+pJ64NMSTJje0PEThiq9k7daouaGZqCuGLfnRwVJm2mzWyx5snG0wlx09+oV8/FO/d99wSEu90A4hbg==", "school_class"=>{"title"=>"gym kana", "room_number"=>"131"}, "commit"=>"Submit School Class"}
Completed 500 Internal Server Error in 2ms (ActiveRecord: 0.0ms)

NoMethodError (undefined method `title=' for nil:NilClass):
  app/controllers/school_classes_controller.rb:15:in `create'


  Rendered /Users/sriki/.rvm/gems/ruby-2.3.3/gems/actionpack-4.2.10/lib/action_dispatch/middleware/templates/rescues/_source.erb (6.8ms)
  Rendered /Users/sriki/.rvm/gems/ruby-2.3.3/gems/actionpack-4.2.10/lib/action_dispatch/middleware/templates/rescues/_trace.html.erb (4.6ms)
  Rendered /Users/sriki/.rvm/gems/ruby-2.3.3/gems/actionpack-4.2.10/lib/action_dispatch/middleware/templates/rescues/_request_and_response.html.erb (1.9ms)
  Rendered /Users/sriki/.rvm/gems/ruby-2.3.3/gems/actionpack-4.2.10/lib/action_dispatch/middleware/templates/rescues/diagnostics.html.erb within rescues/layout (91.8ms)
DEPRECATION WARNING: Static attributes will be removed in FactoryBot 5.0. Please use dynamic
attributes instead by wrapping the attribute value in a block:

title { "Computer Science" }

To automatically update from static attributes to dynamic ones,
install rubocop-rspec and run:

rubocop \
  --require rubocop-rspec \
  --only FactoryBot/AttributeDefinedStatically \
  --auto-correct

. (called from block (2 levels) in <top (required)> at /Users/sriki/Documents/FlatIron/Development/module2/rails_labs/rails-form_for-lab-dc-web-082718/spec/factories/school_classes.rb:3)
DEPRECATION WARNING: Static attributes will be removed in FactoryBot 5.0. Please use dynamic
attributes instead by wrapping the attribute value in a block:

room_number { 5 }

To automatically update from static attributes to dynamic ones,
install rubocop-rspec and run:

rubocop \
  --require rubocop-rspec \
  --only FactoryBot/AttributeDefinedStatically \
  --auto-correct

. (called from block (2 levels) in <top (required)> at /Users/sriki/Documents/FlatIron/Development/module2/rails_labs/rails-form_for-lab-dc-web-082718/spec/factories/school_classes.rb:4)
DEPRECATION WARNING: Static attributes will be removed in FactoryBot 5.0. Please use dynamic
attributes instead by wrapping the attribute value in a block:

first_name { "Daenerys" }

To automatically update from static attributes to dynamic ones,
install rubocop-rspec and run:

rubocop \
  --require rubocop-rspec \
  --only FactoryBot/AttributeDefinedStatically \
  --auto-correct

. (called from block (2 levels) in <top (required)> at /Users/sriki/Documents/FlatIron/Development/module2/rails_labs/rails-form_for-lab-dc-web-082718/spec/factories/students.rb:3)
DEPRECATION WARNING: Static attributes will be removed in FactoryBot 5.0. Please use dynamic
attributes instead by wrapping the attribute value in a block:

last_name { "Targaryen" }

To automatically update from static attributes to dynamic ones,
install rubocop-rspec and run:

rubocop \
  --require rubocop-rspec \
  --only FactoryBot/AttributeDefinedStatically \
  --auto-correct

. (called from block (2 levels) in <top (required)> at /Users/sriki/Documents/FlatIron/Development/module2/rails_labs/rails-form_for-lab-dc-web-082718/spec/factories/students.rb:4)


Started GET "/school_classes" for ::1 at 2018-09-25 12:46:21 -0400
  [1m[36mActiveRecord::SchemaMigration Load (0.5ms)[0m  [1mSELECT "schema_migrations".* FROM "schema_migrations"[0m
Processing by SchoolClassesController#index as HTML
  [1m[35mSchoolClass Load (2.1ms)[0m  SELECT "school_classes".* FROM "school_classes"
  Rendered school_classes/index.html.erb within layouts/application (8.2ms)
Completed 200 OK in 254ms (Views: 242.3ms | ActiveRecord: 2.5ms)


Started GET "/school_classes/1" for ::1 at 2018-09-25 12:46:24 -0400
Processing by SchoolClassesController#show as HTML
  Parameters: {"id"=>"1"}
  [1m[36mSchoolClass Load (0.3ms)[0m  [1mSELECT  "school_classes".* FROM "school_classes" WHERE "school_classes"."id" = ? LIMIT 1[0m  [["id", 1]]
  Rendered school_classes/show.html.erb within layouts/application (0.6ms)
Completed 200 OK in 50ms (Views: 41.1ms | ActiveRecord: 0.3ms)
DEPRECATION WARNING: Static attributes will be removed in FactoryBot 5.0. Please use dynamic
attributes instead by wrapping the attribute value in a block:

title { "Computer Science" }

To automatically update from static attributes to dynamic ones,
install rubocop-rspec and run:

rubocop \
  --require rubocop-rspec \
  --only FactoryBot/AttributeDefinedStatically \
  --auto-correct

. (called from block (2 levels) in <top (required)> at /Users/sriki/Documents/FlatIron/Development/module2/rails_labs/rails-form_for-lab-dc-web-082718/spec/factories/school_classes.rb:3)
DEPRECATION WARNING: Static attributes will be removed in FactoryBot 5.0. Please use dynamic
attributes instead by wrapping the attribute value in a block:

room_number { 5 }

To automatically update from static attributes to dynamic ones,
install rubocop-rspec and run:

rubocop \
  --require rubocop-rspec \
  --only FactoryBot/AttributeDefinedStatically \
  --auto-correct

. (called from block (2 levels) in <top (required)> at /Users/sriki/Documents/FlatIron/Development/module2/rails_labs/rails-form_for-lab-dc-web-082718/spec/factories/school_classes.rb:4)
DEPRECATION WARNING: Static attributes will be removed in FactoryBot 5.0. Please use dynamic
attributes instead by wrapping the attribute value in a block:

first_name { "Daenerys" }

To automatically update from static attributes to dynamic ones,
install rubocop-rspec and run:

rubocop \
  --require rubocop-rspec \
  --only FactoryBot/AttributeDefinedStatically \
  --auto-correct

. (called from block (2 levels) in <top (required)> at /Users/sriki/Documents/FlatIron/Development/module2/rails_labs/rails-form_for-lab-dc-web-082718/spec/factories/students.rb:3)
DEPRECATION WARNING: Static attributes will be removed in FactoryBot 5.0. Please use dynamic
attributes instead by wrapping the attribute value in a block:

last_name { "Targaryen" }

To automatically update from static attributes to dynamic ones,
install rubocop-rspec and run:

rubocop \
  --require rubocop-rspec \
  --only FactoryBot/AttributeDefinedStatically \
  --auto-correct

. (called from block (2 levels) in <top (required)> at /Users/sriki/Documents/FlatIron/Development/module2/rails_labs/rails-form_for-lab-dc-web-082718/spec/factories/students.rb:4)
  [1m[36mSchoolClass Load (7.4ms)[0m  [1mSELECT "school_classes".* FROM "school_classes"[0m
  [1m[35mSchoolClass Load (0.3ms)[0m  SELECT  "school_classes".* FROM "school_classes"  ORDER BY "school_classes"."id" DESC LIMIT 1
  [1m[36m (0.1ms)[0m  [1mbegin transaction[0m
  [1m[35mSQL (6.1ms)[0m  DELETE FROM "school_classes" WHERE "school_classes"."id" = ?  [["id", 1]]
  [1m[36m (1.8ms)[0m  [1mcommit transaction[0m
  [1m[35mSchoolClass Load (0.3ms)[0m  SELECT  "school_classes".* FROM "school_classes"  ORDER BY "school_classes"."id" DESC LIMIT 1
DEPRECATION WARNING: Static attributes will be removed in FactoryBot 5.0. Please use dynamic
attributes instead by wrapping the attribute value in a block:

title { "Computer Science" }

To automatically update from static attributes to dynamic ones,
install rubocop-rspec and run:

rubocop \
  --require rubocop-rspec \
  --only FactoryBot/AttributeDefinedStatically \
  --auto-correct

. (called from block (2 levels) in <top (required)> at /Users/sriki/Documents/FlatIron/Development/module2/rails_labs/rails-form_for-lab-dc-web-082718/spec/factories/school_classes.rb:3)
DEPRECATION WARNING: Static attributes will be removed in FactoryBot 5.0. Please use dynamic
attributes instead by wrapping the attribute value in a block:

room_number { 5 }

To automatically update from static attributes to dynamic ones,
install rubocop-rspec and run:

rubocop \
  --require rubocop-rspec \
  --only FactoryBot/AttributeDefinedStatically \
  --auto-correct

. (called from block (2 levels) in <top (required)> at /Users/sriki/Documents/FlatIron/Development/module2/rails_labs/rails-form_for-lab-dc-web-082718/spec/factories/school_classes.rb:4)
DEPRECATION WARNING: Static attributes will be removed in FactoryBot 5.0. Please use dynamic
attributes instead by wrapping the attribute value in a block:

first_name { "Daenerys" }

To automatically update from static attributes to dynamic ones,
install rubocop-rspec and run:

rubocop \
  --require rubocop-rspec \
  --only FactoryBot/AttributeDefinedStatically \
  --auto-correct

. (called from block (2 levels) in <top (required)> at /Users/sriki/Documents/FlatIron/Development/module2/rails_labs/rails-form_for-lab-dc-web-082718/spec/factories/students.rb:3)
DEPRECATION WARNING: Static attributes will be removed in FactoryBot 5.0. Please use dynamic
attributes instead by wrapping the attribute value in a block:

last_name { "Targaryen" }

To automatically update from static attributes to dynamic ones,
install rubocop-rspec and run:

rubocop \
  --require rubocop-rspec \
  --only FactoryBot/AttributeDefinedStatically \
  --auto-correct

. (called from block (2 levels) in <top (required)> at /Users/sriki/Documents/FlatIron/Development/module2/rails_labs/rails-form_for-lab-dc-web-082718/spec/factories/students.rb:4)


Started GET "/school_classes/new" for ::1 at 2018-09-25 12:47:32 -0400
  [1m[36mActiveRecord::SchemaMigration Load (3.2ms)[0m  [1mSELECT "schema_migrations".* FROM "schema_migrations"[0m
Processing by SchoolClassesController#new as HTML
  Rendered school_classes/new.html.erb within layouts/application (21.8ms)
Completed 200 OK in 264ms (Views: 250.3ms | ActiveRecord: 0.6ms)


Started POST "/school_classes" for ::1 at 2018-09-25 12:47:38 -0400
Processing by SchoolClassesController#create as HTML
  Parameters: {"utf8"=>"✓", "authenticity_token"=>"TzeNvPFkqT3SG9SX2s/cuVcXFBHk1dGKjwrSKWWYooK1xunf+XbbaHRDjGnMb3W46XPiQtOHcP1G4wA8nhCuFQ==", "school_class"=>{"title"=>"Gym", "room_number"=>"101"}, "commit"=>"Create School class"}
  [1m[35m (0.2ms)[0m  begin transaction
  [1m[36mSQL (0.9ms)[0m  [1mINSERT INTO "school_classes" ("title", "room_number", "created_at", "updated_at") VALUES (?, ?, ?, ?)[0m  [["title", "Gym"], ["room_number", 101], ["created_at", "2018-09-25 16:47:38.026340"], ["updated_at", "2018-09-25 16:47:38.026340"]]
  [1m[35m (1.4ms)[0m  commit transaction
Redirected to http://localhost:3000/school_classes/2
Completed 302 Found in 7ms (ActiveRecord: 2.5ms)


Started GET "/school_classes/2" for ::1 at 2018-09-25 12:47:38 -0400
Processing by SchoolClassesController#show as HTML
  Parameters: {"id"=>"2"}
  [1m[36mSchoolClass Load (2.2ms)[0m  [1mSELECT  "school_classes".* FROM "school_classes" WHERE "school_classes"."id" = ? LIMIT 1[0m  [["id", 2]]
  Rendered school_classes/show.html.erb within layouts/application (2.5ms)
Completed 200 OK in 48ms (Views: 34.5ms | ActiveRecord: 2.2ms)


Started GET "/school_classes/2/edit" for ::1 at 2018-09-25 12:47:41 -0400
Processing by SchoolClassesController#edit as HTML
  Parameters: {"id"=>"2"}
  [1m[35mSchoolClass Load (1.1ms)[0m  SELECT  "school_classes".* FROM "school_classes" WHERE "school_classes"."id" = ? LIMIT 1  [["id", 2]]
  Rendered school_classes/edit.html.erb within layouts/application (3.3ms)
Completed 200 OK in 41ms (Views: 38.6ms | ActiveRecord: 1.1ms)


Started PATCH "/school_classes/2" for ::1 at 2018-09-25 12:47:53 -0400
Processing by SchoolClassesController#update as HTML
  Parameters: {"utf8"=>"✓", "authenticity_token"=>"vQciA9P8bIKFdStEFLOzc73+gpAZpoN8chLJMW8i2nRH9kZg2+4e1yMtc7oCExpyA5p0wy70Igu7+xsklKrW4w==", "school_class"=>{"title"=>"Gym Kana", "room_number"=>"100"}, "commit"=>"Update School class", "id"=>"2"}
  [1m[36mSchoolClass Load (0.1ms)[0m  [1mSELECT  "school_classes".* FROM "school_classes" WHERE "school_classes"."id" = ? LIMIT 1[0m  [["id", 2]]
  [1m[35m (0.1ms)[0m  begin transaction
  [1m[36mSQL (0.4ms)[0m  [1mUPDATE "school_classes" SET "title" = ?, "room_number" = ?, "updated_at" = ? WHERE "school_classes"."id" = ?[0m  [["title", "Gym Kana"], ["room_number", 100], ["updated_at", "2018-09-25 16:47:53.695464"], ["id", 2]]
  [1m[35m (1.6ms)[0m  commit transaction
Redirected to http://localhost:3000/school_classes/2
Completed 302 Found in 7ms (ActiveRecord: 2.2ms)


Started GET "/school_classes/2" for ::1 at 2018-09-25 12:47:53 -0400
Processing by SchoolClassesController#show as HTML
  Parameters: {"id"=>"2"}
  [1m[36mSchoolClass Load (2.0ms)[0m  [1mSELECT  "school_classes".* FROM "school_classes" WHERE "school_classes"."id" = ? LIMIT 1[0m  [["id", 2]]
  Rendered school_classes/show.html.erb within layouts/application (0.7ms)
Completed 200 OK in 52ms (Views: 48.5ms | ActiveRecord: 2.0ms)


Started GET "/students" for ::1 at 2018-09-25 12:51:18 -0400
Processing by StudentsController#index as HTML
  [1m[35mStudent Load (1.3ms)[0m  SELECT "students".* FROM "students"
  Rendered students/index.html.erb within layouts/application (13.4ms)
Completed 200 OK in 76ms (Views: 71.1ms | ActiveRecord: 2.5ms)


Started GET "/students/1" for ::1 at 2018-09-25 12:51:32 -0400
Processing by StudentsController#show as HTML
  Parameters: {"id"=>"1"}
  [1m[36mStudent Load (0.3ms)[0m  [1mSELECT  "students".* FROM "students" WHERE "students"."id" = ? LIMIT 1[0m  [["id", 1]]
  Rendered students/show.html.erb within layouts/application (1.7ms)
Completed 200 OK in 54ms (Views: 47.5ms | ActiveRecord: 0.3ms)


Started GET "/students/1/edit" for ::1 at 2018-09-25 12:51:35 -0400
Processing by StudentsController#edit as HTML
  Parameters: {"id"=>"1"}
  [1m[35mStudent Load (0.2ms)[0m  SELECT  "students".* FROM "students" WHERE "students"."id" = ? LIMIT 1  [["id", 1]]
  Rendered students/edit.html.erb within layouts/application (2.7ms)
Completed 200 OK in 36ms (Views: 33.3ms | ActiveRecord: 0.2ms)


Started PATCH "/students/1" for ::1 at 2018-09-25 12:51:36 -0400
Processing by StudentsController#update as HTML
  Parameters: {"utf8"=>"✓", "authenticity_token"=>"Y4VCzf1Z30J0hJZKHSJtKTD8ZNx51Ts7KZ8tfkJx2pSZdCau9UutF9LczrQLgsQojpiSj06Hmkzgdv9rufnWAw==", "student"=>{"first_name"=>"Jordan", "last_name"=>"Hudgens"}, "commit"=>"Update Student", "id"=>"1"}
  [1m[36mStudent Load (0.1ms)[0m  [1mSELECT  "students".* FROM "students" WHERE "students"."id" = ? LIMIT 1[0m  [["id", 1]]
  [1m[35m (0.0ms)[0m  begin transaction
  [1m[36m (0.0ms)[0m  [1mcommit transaction[0m
Redirected to http://localhost:3000/students/1
Completed 302 Found in 2ms (ActiveRecord: 0.1ms)


Started GET "/students/1" for ::1 at 2018-09-25 12:51:36 -0400
Processing by StudentsController#show as HTML
  Parameters: {"id"=>"1"}
  [1m[35mStudent Load (0.1ms)[0m  SELECT  "students".* FROM "students" WHERE "students"."id" = ? LIMIT 1  [["id", 1]]
  Rendered students/show.html.erb within layouts/application (0.3ms)
Completed 200 OK in 23ms (Views: 21.8ms | ActiveRecord: 0.1ms)


Started GET "/students/1/edit" for ::1 at 2018-09-25 12:51:37 -0400
Processing by StudentsController#edit as HTML
  Parameters: {"id"=>"1"}
  [1m[36mStudent Load (0.1ms)[0m  [1mSELECT  "students".* FROM "students" WHERE "students"."id" = ? LIMIT 1[0m  [["id", 1]]
  Rendered students/edit.html.erb within layouts/application (1.4ms)
Completed 200 OK in 55ms (Views: 53.8ms | ActiveRecord: 0.1ms)


Started PATCH "/students/1" for ::1 at 2018-09-25 12:51:55 -0400
Processing by StudentsController#update as HTML
  Parameters: {"utf8"=>"✓", "authenticity_token"=>"lQrMZgwJk/3/XZKWVTkLSe7FyYo2o50IU8wKW0v+0gBv+6gFBBvhqFkFymhDmaJIUKE/2QHxPH+aJdhOsHbelw==", "student"=>{"first_name"=>"Jordan", "last_name"=>"hux"}, "commit"=>"Update Student", "id"=>"1"}
  [1m[35mStudent Load (0.2ms)[0m  SELECT  "students".* FROM "students" WHERE "students"."id" = ? LIMIT 1  [["id", 1]]
  [1m[36m (0.1ms)[0m  [1mbegin transaction[0m
  [1m[35mSQL (0.4ms)[0m  UPDATE "students" SET "last_name" = ?, "updated_at" = ? WHERE "students"."id" = ?  [["last_name", "hux"], ["updated_at", "2018-09-25 16:51:55.248930"], ["id", 1]]
  [1m[36m (4.2ms)[0m  [1mcommit transaction[0m
Redirected to http://localhost:3000/students/1
Completed 302 Found in 10ms (ActiveRecord: 4.8ms)


Started GET "/students/1" for ::1 at 2018-09-25 12:51:55 -0400
Processing by StudentsController#show as HTML
  Parameters: {"id"=>"1"}
  [1m[35mStudent Load (0.1ms)[0m  SELECT  "students".* FROM "students" WHERE "students"."id" = ? LIMIT 1  [["id", 1]]
  Rendered students/show.html.erb within layouts/application (0.8ms)
Completed 200 OK in 23ms (Views: 22.2ms | ActiveRecord: 0.1ms)


Started GET "/students" for ::1 at 2018-09-25 12:51:58 -0400
Processing by StudentsController#index as HTML
  [1m[36mStudent Load (0.2ms)[0m  [1mSELECT "students".* FROM "students"[0m
  Rendered students/index.html.erb within layouts/application (2.0ms)
Completed 200 OK in 50ms (Views: 49.5ms | ActiveRecord: 0.2ms)


Started GET "/students/1" for ::1 at 2018-09-25 12:51:59 -0400
Processing by StudentsController#show as HTML
  Parameters: {"id"=>"1"}
  [1m[35mStudent Load (0.2ms)[0m  SELECT  "students".* FROM "students" WHERE "students"."id" = ? LIMIT 1  [["id", 1]]
  Rendered students/show.html.erb within layouts/application (0.7ms)
Completed 200 OK in 41ms (Views: 38.8ms | ActiveRecord: 0.2ms)
DEPRECATION WARNING: Static attributes will be removed in FactoryBot 5.0. Please use dynamic
attributes instead by wrapping the attribute value in a block:

title { "Computer Science" }

To automatically update from static attributes to dynamic ones,
install rubocop-rspec and run:

rubocop \
  --require rubocop-rspec \
  --only FactoryBot/AttributeDefinedStatically \
  --auto-correct

. (called from block (2 levels) in <top (required)> at /Users/sriki/Documents/FlatIron/Development/module2/rails_labs/rails-form_for-lab-dc-web-082718/spec/factories/school_classes.rb:3)
DEPRECATION WARNING: Static attributes will be removed in FactoryBot 5.0. Please use dynamic
attributes instead by wrapping the attribute value in a block:

room_number { 5 }

To automatically update from static attributes to dynamic ones,
install rubocop-rspec and run:

rubocop \
  --require rubocop-rspec \
  --only FactoryBot/AttributeDefinedStatically \
  --auto-correct

. (called from block (2 levels) in <top (required)> at /Users/sriki/Documents/FlatIron/Development/module2/rails_labs/rails-form_for-lab-dc-web-082718/spec/factories/school_classes.rb:4)
DEPRECATION WARNING: Static attributes will be removed in FactoryBot 5.0. Please use dynamic
attributes instead by wrapping the attribute value in a block:

first_name { "Daenerys" }

To automatically update from static attributes to dynamic ones,
install rubocop-rspec and run:

rubocop \
  --require rubocop-rspec \
  --only FactoryBot/AttributeDefinedStatically \
  --auto-correct

. (called from block (2 levels) in <top (required)> at /Users/sriki/Documents/FlatIron/Development/module2/rails_labs/rails-form_for-lab-dc-web-082718/spec/factories/students.rb:3)
DEPRECATION WARNING: Static attributes will be removed in FactoryBot 5.0. Please use dynamic
attributes instead by wrapping the attribute value in a block:

last_name { "Targaryen" }

To automatically update from static attributes to dynamic ones,
install rubocop-rspec and run:

rubocop \
  --require rubocop-rspec \
  --only FactoryBot/AttributeDefinedStatically \
  --auto-correct

. (called from block (2 levels) in <top (required)> at /Users/sriki/Documents/FlatIron/Development/module2/rails_labs/rails-form_for-lab-dc-web-082718/spec/factories/students.rb:4)


Started GET "/students" for ::1 at 2018-09-25 12:53:20 -0400
  [1m[36mActiveRecord::SchemaMigration Load (5.8ms)[0m  [1mSELECT "schema_migrations".* FROM "schema_migrations"[0m
Processing by StudentsController#index as HTML
  [1m[35mStudent Load (0.1ms)[0m  SELECT "students".* FROM "students"
  Rendered students/index.html.erb within layouts/application (5.6ms)
Completed 200 OK in 235ms (Views: 225.5ms | ActiveRecord: 0.4ms)
DEPRECATION WARNING: Static attributes will be removed in FactoryBot 5.0. Please use dynamic
attributes instead by wrapping the attribute value in a block:

title { "Computer Science" }

To automatically update from static attributes to dynamic ones,
install rubocop-rspec and run:

rubocop \
  --require rubocop-rspec \
  --only FactoryBot/AttributeDefinedStatically \
  --auto-correct

. (called from block (2 levels) in <top (required)> at /Users/sriki/Documents/FlatIron/Development/module2/rails_labs/rails-form_for-lab-dc-web-082718/spec/factories/school_classes.rb:3)
DEPRECATION WARNING: Static attributes will be removed in FactoryBot 5.0. Please use dynamic
attributes instead by wrapping the attribute value in a block:

room_number { 5 }

To automatically update from static attributes to dynamic ones,
install rubocop-rspec and run:

rubocop \
  --require rubocop-rspec \
  --only FactoryBot/AttributeDefinedStatically \
  --auto-correct

. (called from block (2 levels) in <top (required)> at /Users/sriki/Documents/FlatIron/Development/module2/rails_labs/rails-form_for-lab-dc-web-082718/spec/factories/school_classes.rb:4)
DEPRECATION WARNING: Static attributes will be removed in FactoryBot 5.0. Please use dynamic
attributes instead by wrapping the attribute value in a block:

first_name { "Daenerys" }

To automatically update from static attributes to dynamic ones,
install rubocop-rspec and run:

rubocop \
  --require rubocop-rspec \
  --only FactoryBot/AttributeDefinedStatically \
  --auto-correct

. (called from block (2 levels) in <top (required)> at /Users/sriki/Documents/FlatIron/Development/module2/rails_labs/rails-form_for-lab-dc-web-082718/spec/factories/students.rb:3)
DEPRECATION WARNING: Static attributes will be removed in FactoryBot 5.0. Please use dynamic
attributes instead by wrapping the attribute value in a block:

last_name { "Targaryen" }

To automatically update from static attributes to dynamic ones,
install rubocop-rspec and run:

rubocop \
  --require rubocop-rspec \
  --only FactoryBot/AttributeDefinedStatically \
  --auto-correct

. (called from block (2 levels) in <top (required)> at /Users/sriki/Documents/FlatIron/Development/module2/rails_labs/rails-form_for-lab-dc-web-082718/spec/factories/students.rb:4)
DEPRECATION WARNING: Static attributes will be removed in FactoryBot 5.0. Please use dynamic
attributes instead by wrapping the attribute value in a block:

title { "Computer Science" }

To automatically update from static attributes to dynamic ones,
install rubocop-rspec and run:

rubocop \
  --require rubocop-rspec \
  --only FactoryBot/AttributeDefinedStatically \
  --auto-correct

. (called from block (2 levels) in <top (required)> at /Users/sriki/Documents/FlatIron/Development/module2/rails_labs/rails-form_for-lab-dc-web-082718/spec/factories/school_classes.rb:3)
DEPRECATION WARNING: Static attributes will be removed in FactoryBot 5.0. Please use dynamic
attributes instead by wrapping the attribute value in a block:

room_number { 5 }

To automatically update from static attributes to dynamic ones,
install rubocop-rspec and run:

rubocop \
  --require rubocop-rspec \
  --only FactoryBot/AttributeDefinedStatically \
  --auto-correct

. (called from block (2 levels) in <top (required)> at /Users/sriki/Documents/FlatIron/Development/module2/rails_labs/rails-form_for-lab-dc-web-082718/spec/factories/school_classes.rb:4)
DEPRECATION WARNING: Static attributes will be removed in FactoryBot 5.0. Please use dynamic
attributes instead by wrapping the attribute value in a block:

first_name { "Daenerys" }

To automatically update from static attributes to dynamic ones,
install rubocop-rspec and run:

rubocop \
  --require rubocop-rspec \
  --only FactoryBot/AttributeDefinedStatically \
  --auto-correct

. (called from block (2 levels) in <top (required)> at /Users/sriki/Documents/FlatIron/Development/module2/rails_labs/rails-form_for-lab-dc-web-082718/spec/factories/students.rb:3)
DEPRECATION WARNING: Static attributes will be removed in FactoryBot 5.0. Please use dynamic
attributes instead by wrapping the attribute value in a block:

last_name { "Targaryen" }

To automatically update from static attributes to dynamic ones,
install rubocop-rspec and run:

rubocop \
  --require rubocop-rspec \
  --only FactoryBot/AttributeDefinedStatically \
  --auto-correct

. (called from block (2 levels) in <top (required)> at /Users/sriki/Documents/FlatIron/Development/module2/rails_labs/rails-form_for-lab-dc-web-082718/spec/factories/students.rb:4)
DEPRECATION WARNING: Static attributes will be removed in FactoryBot 5.0. Please use dynamic
attributes instead by wrapping the attribute value in a block:

title { "Computer Science" }

To automatically update from static attributes to dynamic ones,
install rubocop-rspec and run:

rubocop \
  --require rubocop-rspec \
  --only FactoryBot/AttributeDefinedStatically \
  --auto-correct

. (called from block (2 levels) in <top (required)> at /Users/sriki/Documents/FlatIron/Development/module2/rails_labs/rails-form_for-lab-dc-web-082718/spec/factories/school_classes.rb:3)
DEPRECATION WARNING: Static attributes will be removed in FactoryBot 5.0. Please use dynamic
attributes instead by wrapping the attribute value in a block:

room_number { 5 }

To automatically update from static attributes to dynamic ones,
install rubocop-rspec and run:

rubocop \
  --require rubocop-rspec \
  --only FactoryBot/AttributeDefinedStatically \
  --auto-correct

. (called from block (2 levels) in <top (required)> at /Users/sriki/Documents/FlatIron/Development/module2/rails_labs/rails-form_for-lab-dc-web-082718/spec/factories/school_classes.rb:4)
DEPRECATION WARNING: Static attributes will be removed in FactoryBot 5.0. Please use dynamic
attributes instead by wrapping the attribute value in a block:

first_name { "Daenerys" }

To automatically update from static attributes to dynamic ones,
install rubocop-rspec and run:

rubocop \
  --require rubocop-rspec \
  --only FactoryBot/AttributeDefinedStatically \
  --auto-correct

. (called from block (2 levels) in <top (required)> at /Users/sriki/Documents/FlatIron/Development/module2/rails_labs/rails-form_for-lab-dc-web-082718/spec/factories/students.rb:3)
DEPRECATION WARNING: Static attributes will be removed in FactoryBot 5.0. Please use dynamic
attributes instead by wrapping the attribute value in a block:

last_name { "Targaryen" }

To automatically update from static attributes to dynamic ones,
install rubocop-rspec and run:

rubocop \
  --require rubocop-rspec \
  --only FactoryBot/AttributeDefinedStatically \
  --auto-correct

. (called from block (2 levels) in <top (required)> at /Users/sriki/Documents/FlatIron/Development/module2/rails_labs/rails-form_for-lab-dc-web-082718/spec/factories/students.rb:4)


Started GET "/students" for ::1 at 2018-09-25 12:55:09 -0400
  [1m[36mActiveRecord::SchemaMigration Load (0.6ms)[0m  [1mSELECT "schema_migrations".* FROM "schema_migrations"[0m
Processing by StudentsController#index as HTML
  [1m[35mStudent Load (0.5ms)[0m  SELECT "students".* FROM "students"
  Rendered students/index.html.erb within layouts/application (6.5ms)
Completed 200 OK in 254ms (Views: 242.1ms | ActiveRecord: 0.7ms)


Started GET "/students" for ::1 at 2018-09-25 12:56:38 -0400
Processing by StudentsController#index as HTML
  [1m[36mStudent Load (0.2ms)[0m  [1mSELECT "students".* FROM "students"[0m
  Rendered students/index.html.erb within layouts/application (1.6ms)
Completed 200 OK in 24ms (Views: 23.1ms | ActiveRecord: 0.2ms)


Started GET "/students" for ::1 at 2018-09-25 12:56:55 -0400
Processing by StudentsController#index as HTML
  [1m[35mStudent Load (0.1ms)[0m  SELECT "students".* FROM "students"
  Rendered students/index.html.erb within layouts/application (1.1ms)
Completed 200 OK in 27ms (Views: 26.3ms | ActiveRecord: 0.1ms)


Started GET "/students" for ::1 at 2018-09-25 12:57:44 -0400
Processing by StudentsController#index as HTML
  [1m[36mStudent Load (0.3ms)[0m  [1mSELECT "students".* FROM "students"[0m
  Rendered students/index.html.erb within layouts/application (1.8ms)
Completed 200 OK in 51ms (Views: 50.3ms | ActiveRecord: 0.3ms)
